<?xml version="1.0" encoding="utf-8"?><testsuites name="pytest tests"><testsuite name="pytest" errors="0" failures="0" skipped="4" tests="129" time="24.517" timestamp="2026-07-21T19:23:08.692811+00:00" hostname="d8af3483cd9d"><testcase classname="tests.test_e04_trips" name="test_e04_ac01_schedule_returns_missing_fields_and_does_not_mutate_trip" time="5.583" /><testcase classname="tests.test_e04_trips" name="test_schedule_captures_policy_pricing_stops_and_seat_inventory_snapshots" time="0.111" /><testcase classname="tests.test_e04_trips" name="test_e04_ac03_material_time_change_creates_explicit_customer_responses" time="0.123" /><testcase classname="tests.test_e04_trips" name="test_e04_ac04_departure_is_blocked_for_confirmed_passenger_without_seat" time="0.128" /><testcase classname="tests.test_e04_trips" name="test_e04_ac05_cancellation_stops_sales_and_starts_action_for_every_booking" time="0.124" /><testcase classname="tests.test_e05_public_search_holds" name="test_e05_ac01_search_uses_office_local_date_and_only_bookable_trips" time="0.113" /><testcase classname="tests.test_e05_public_search_holds" name="test_e05_ac02_search_discloses_honest_price_fees_and_policy" time="0.112" /><testcase classname="tests.test_e05_public_search_holds" name="test_e05_ac05_restricted_office_trips_are_hidden[no_new_bookings]" time="0.116" /><testcase classname="tests.test_e05_public_search_holds" name="test_e05_ac05_restricted_office_trips_are_hidden[restricted]" time="0.113" /><testcase classname="tests.test_e05_public_search_holds" name="test_e05_ac05_restricted_office_trips_are_hidden[suspended]" time="0.111" /><testcase classname="tests.test_e05_public_search_holds" name="test_public_hold_revalidates_inventory_and_is_idempotent" time="0.121" /><testcase classname="tests.test_e05_public_search_holds" name="test_idempotent_hold_replay_does_not_consume_rate_limit_twice" time="0.119" /><testcase classname="tests.test_e05_public_search_holds" name="test_e05_ac03_map_does_not_authorize_stale_seat_selection" time="0.114" /><testcase classname="tests.test_e05_public_search_holds" name="test_hold_release_and_expiry_restore_availability" time="0.124" /><testcase classname="tests.test_e05_public_search_holds" name="test_public_api_search_hold_and_release_contract" time="0.430" /><testcase classname="tests.test_e06_booking_confirmation" name="test_e06_hold_is_consumed_atomically_and_booking_snapshots_are_frozen" time="0.141" /><testcase classname="tests.test_e06_booking_confirmation" name="test_e06_expired_hold_is_rejected_without_consuming_resold_seat" time="0.125" /><testcase classname="tests.test_e06_booking_confirmation" name="test_e06_gender_conflict_is_private_across_bookings_but_allowed_inside_one_booking" time="0.278" /><testcase classname="tests.test_e06_booking_confirmation" name="test_e06_child_guardian_group_is_snapshotted_and_boarding_states_remain_independent" time="0.136" /><testcase classname="tests.test_e06_booking_confirmation" name="test_public_booking_api_is_idempotent_and_returns_pnr_and_manage_token" time="0.167" /><testcase classname="tests.test_e06_booking_confirmation" name="test_manual_transfer_booking_waits_for_payment_and_keeps_deadline_snapshot" time="0.140" /><testcase classname="tests.test_e06_booking_confirmation" name="test_e06_ac01_parallel_confirmation_creates_only_one_active_assignment" time="0.002"><skipped type="pytest.skip" message="PostgreSQL row-lock concurrency gate">/mnt/data/bus-e17-work/bus-booking-platform/apps/api/tests/test_e06_booking_confirmation.py:275: PostgreSQL row-lock concurrency gate</skipped></testcase><testcase classname="tests.test_e06_booking_confirmation" name="test_public_hold_requires_passenger_gender_with_catalog_error" time="0.112" /><testcase classname="tests.test_e07_payments" name="test_e07_ac01_office_cash_creates_one_transaction_balanced_ledger_receipt_and_audit" time="0.152" /><testcase classname="tests.test_e07_payments" name="test_e07_ac02_duplicate_transfer_reference_or_proof_is_rejected" time="0.279" /><testcase classname="tests.test_e07_payments" name="test_manual_transfer_submission_replay_is_idempotent_and_conflicting_reuse_is_rejected" time="0.136" /><testcase classname="tests.test_e07_payments" name="test_e07_ac03_transfer_before_deadline_verified_after_expiry_restores_available_seat" time="0.155" /><testcase classname="tests.test_e07_payments" name="test_e07_ac04_repeated_success_webhook_records_one_transaction" time="0.154" /><testcase classname="tests.test_e07_payments" name="test_webhook_signature_and_event_hash_are_tamper_evident" time="0.007" /><testcase classname="tests.test_e07_payments" name="test_e07_ac05_late_payment_after_seat_resold_does_not_reconfirm_and_opens_reconciliation" time="0.153" /><testcase classname="tests.test_e07_payments" name="test_e07_ac06_provider_amount_or_currency_mismatch_does_not_succeed_payment" time="0.151" /><testcase classname="tests.test_e07_payments" name="test_postgresql_rejects_unbalanced_ledger_entry_at_commit" time="0.002"><skipped type="pytest.skip" message="PostgreSQL deferred constraint trigger required">/mnt/data/bus-e17-work/bus-booking-platform/apps/api/tests/test_e07_payments.py:467: PostgreSQL deferred constraint trigger required</skipped></testcase><testcase classname="tests.test_e08_tickets_self_service" name="test_e08_ac01_confirmed_guest_booking_issues_ticket_per_passenger" time="0.146" /><testcase classname="tests.test_e08_tickets_self_service" name="test_e08_awaiting_payment_booking_does_not_issue_active_ticket" time="0.134" /><testcase classname="tests.test_e08_tickets_self_service" name="test_e08_guest_manage_token_and_lookup_retrieve_ticket" time="0.211" /><testcase classname="tests.test_e08_tickets_self_service" name="test_e08_ac02_lookup_is_generic_and_rate_limited" time="0.135" /><testcase classname="tests.test_e08_tickets_self_service" name="test_e08_ac03_reissue_revokes_old_qr_and_increments_version" time="0.141" /><testcase classname="tests.test_e08_tickets_self_service" name="test_e08_ac04_ticket_document_and_qr_are_available_without_email" time="0.172" /><testcase classname="tests.test_e08_tickets_self_service" name="test_e08_ac05_verified_customer_links_guest_booking_without_copy" time="0.314" /><testcase classname="tests.test_e08_tickets_self_service" name="test_e08_ticket_qr_is_tamper_evident_and_document_requires_manage_token" time="0.143" /><testcase classname="tests.test_e09_changes_refunds" name="test_e09_ac01_cancellation_quote_uses_frozen_booking_policy_snapshot" time="0.149" /><testcase classname="tests.test_e09_changes_refunds" name="test_e09_ac02_boarded_passenger_cannot_be_cancelled" time="0.156" /><testcase classname="tests.test_e09_changes_refunds" name="test_e09_ac03_partial_cancellation_releases_only_selected_seat_and_refunds_it" time="0.277" /><testcase classname="tests.test_e09_changes_refunds" name="test_e09_ac04_refund_requester_cannot_approve_own_high_value_refund" time="0.151" /><testcase classname="tests.test_e09_changes_refunds" name="test_e09_ac05_open_chargeback_blocks_refund_and_double_compensation" time="0.233" /><testcase classname="tests.test_e09_changes_refunds" name="test_e09_ac06_passenger_gender_replacement_rechecks_adjacency" time="0.165" /><testcase classname="tests.test_e09_changes_refunds" name="test_public_cancellation_api_contract_is_idempotent" time="0.185" /><testcase classname="tests.test_e10_boarding_offline" name="test_e10_ac02_manual_check_boards_with_reason_and_audit" time="0.151" /><testcase classname="tests.test_e10_boarding_offline" name="test_manual_boarding_without_reason_is_rejected_server_side" time="0.145" /><testcase classname="tests.test_e10_boarding_offline" name="test_boarding_command_idempotency_replays_and_rejects_payload_reuse" time="0.151" /><testcase classname="tests.test_e10_boarding_offline" name="test_boarding_qr_is_single_use_and_second_scan_is_rejected" time="0.149" /><testcase classname="tests.test_e10_boarding_offline" name="test_boarding_state_cannot_regress_after_successful_scan" time="0.155" /><testcase classname="tests.test_e10_boarding_offline" name="test_e10_ac03_no_show_job_skips_denied_boarding_review" time="0.159" /><testcase classname="tests.test_e10_boarding_offline" name="test_due_no_show_marks_only_eligible_unarrived_passenger" time="0.155" /><testcase classname="tests.test_e10_boarding_offline" name="test_e10_ac04_offline_sync_is_idempotent_and_surfaces_conflicts" time="0.177" /><testcase classname="tests.test_e10_boarding_offline" name="test_e10_ac05_reverse_after_departure_requires_admin_approval" time="0.248" /><testcase classname="tests.test_e10_boarding_offline" name="test_e10_ac06_closed_and_final_manifests_are_hashed_and_tamper_evident" time="0.171" /><testcase classname="tests.test_e11_reallocation_support" name="test_e11_ac01_vehicle_reallocation_preserves_groups_gender_and_unique_seats" time="0.209" /><testcase classname="tests.test_e11_reallocation_support" name="test_e11_ac02_valid_ticket_denial_opens_p1_freezes_seat_and_escalates" time="0.164" /><testcase classname="tests.test_e11_reallocation_support" name="test_e11_ac03_overdue_office_case_escalates_to_platform_and_records_violation" time="0.150" /><testcase classname="tests.test_e11_reallocation_support" name="test_e11_ac04_outage_recovery_uses_manifest_or_pnr_without_new_payment" time="0.138" /><testcase classname="tests.test_e11_reallocation_support" name="test_e11_ac05_interrupted_trip_cannot_complete_before_all_rights_are_resolved" time="0.254" /><testcase classname="tests.test_e12_settlements_ledger" name="test_e12_ac01_unbalanced_entry_is_rejected_before_posting" time="0.137" /><testcase classname="tests.test_e12_settlements_ledger" name="test_e12_ac02_electronic_capture_records_customer_funds_not_commission_revenue" time="0.141" /><testcase classname="tests.test_e12_settlements_ledger" name="test_e12_ac03_direct_payment_completion_creates_office_commission_receivable" time="0.161" /><testcase classname="tests.test_e12_settlements_ledger" name="test_e12_ac04_settlement_nets_electronic_payable_and_direct_commission_same_currency_only" time="0.474" /><testcase classname="tests.test_e12_settlements_ledger" name="test_e12_ac05_only_disputed_booking_amount_is_frozen_from_settlement" time="0.293" /><testcase classname="tests.test_e12_settlements_ledger" name="test_e12_ac06_correction_creates_reversal_without_editing_original_entry" time="0.143" /><testcase classname="tests.test_e12_settlements_ledger" name="test_e12_ac07_creator_cannot_approve_own_settlement_but_second_mfa_user_can" time="0.160" /><testcase classname="tests.test_e12_settlements_ledger" name="test_settlement_payment_posts_same_currency_netting_and_payout" time="0.323" /><testcase classname="tests.test_e13_policies_configuration" name="test_e13_ac01_office_configuration_outside_platform_bounds_is_rejected" time="0.118" /><testcase classname="tests.test_e13_policies_configuration" name="test_e13_ac02_future_policy_does_not_change_existing_booking_snapshot" time="0.137" /><testcase classname="tests.test_e13_policies_configuration" name="test_e13_ac03_missing_required_policy_acceptance_blocks_confirmation" time="0.124" /><testcase classname="tests.test_e13_policies_configuration" name="test_e13_ac04_acceptance_records_version_language_time_and_booking_without_raw_secrets" time="0.134" /><testcase classname="tests.test_e13_policies_configuration" name="test_e13_ac05_sensitive_platform_change_requires_second_approver_and_audits_before_after_reason" time="0.016" /><testcase classname="tests.test_e13_policies_configuration" name="test_e13_configuration_snapshot_is_frozen_when_trip_is_scheduled" time="0.123" /><testcase classname="tests.test_e14_security_privacy" name="test_e14_ac01_cross_office_file_access_returns_generic_not_found_without_metadata" time="0.197" /><testcase classname="tests.test_e14_security_privacy" name="test_e14_ac02_malware_file_remains_quarantined_and_never_enters_final_storage" time="0.095" /><testcase classname="tests.test_e14_security_privacy" name="test_e14_ac03_account_deletion_anonymizes_identity_and_preserves_booking_and_finance" time="0.222" /><testcase classname="tests.test_e14_security_privacy" name="test_e14_ac04_retention_job_skips_legal_hold_and_audits_reason" time="0.084" /><testcase classname="tests.test_e14_security_privacy" name="test_e14_ac05_medium_risk_requests_step_up_then_allows_verified_booking" time="0.152" /><testcase classname="tests.test_e14_security_privacy" name="test_e14_ac06_sensitive_audit_redacts_nested_secrets_tokens_cvv_and_card_numbers" time="0.003" /><testcase classname="tests.test_e14_security_privacy" name="test_e14_production_checks_reject_mock_storage_scanner_and_step_up_code" time="0.003" /><testcase classname="tests.test_e14_security_privacy" name="test_e14_production_checks_accept_explicit_deployment_contracts" time="0.002" /><testcase classname="tests.test_e15_notifications" name="test_e15_ac01_booking_remains_successful_when_email_fails_and_retry_is_scheduled" time="0.204" /><testcase classname="tests.test_e15_notifications" name="test_e15_ac02_republished_event_does_not_duplicate_channel_and_template_version" time="0.190" /><testcase classname="tests.test_e15_notifications" name="test_e15_ac03_material_change_notification_requires_explicit_response_and_silence_does_not_accept" time="0.194" /><testcase classname="tests.test_e15_notifications" name="test_e15_ac04_exhausted_critical_channel_creates_sms_fallback_and_human_escalation" time="0.202" /><testcase classname="tests.test_e15_notifications" name="test_e15_ac05_user_language_and_latest_published_template_version_are_used" time="0.205" /><testcase classname="tests.test_e16_platform_governance" name="test_e16_ac01_support_role_cannot_view_or_modify_settlements" time="0.011" /><testcase classname="tests.test_e16_platform_governance" name="test_e16_ac02_critical_suspension_stops_new_sales_and_preserves_existing_booking" time="0.165" /><testcase classname="tests.test_e16_platform_governance" name="test_e16_ac04_critical_platform_change_requires_mfa_and_second_actor" time="0.150" /><testcase classname="tests.test_e16_platform_governance" name="test_e16_ac03_dispute_decision_records_reason_financial_effect_and_one_appeal" time="0.192" /><testcase classname="tests.test_e16_platform_governance" name="test_e16_ac05_platform_financial_report_is_derived_from_ledger" time="0.150" /><testcase classname="tests.test_e17_subscriptions" name="test_e17_ac01_assignment_saves_plan_price_features_limits_and_period_snapshot" time="0.156" /><testcase classname="tests.test_e17_subscriptions" name="test_e17_ac02_expiry_preserves_existing_booking_and_restricts_new_sales" time="0.147" /><testcase classname="tests.test_e17_subscriptions" name="test_e17_ac03_paid_invoice_posts_balanced_invoiced_and_paid_entries" time="0.153" /><testcase classname="tests.test_e17_subscriptions" name="test_e17_ac04_plan_price_change_does_not_rewrite_paid_period_snapshot" time="0.171" /><testcase classname="tests.test_e17_subscriptions" name="test_trial_is_one_time_per_office" time="0.149" /><testcase classname="tests.test_g12_admin_reporting" name="test_g12_platform_office_search_and_idempotent_status_change" time="0.012" /><testcase classname="tests.test_g12_admin_reporting" name="test_g12_violation_uses_support_domain_and_is_idempotent" time="0.013" /><testcase classname="tests.test_g12_admin_reporting" name="test_g12_office_report_ignores_foreign_office_query_parameter" time="0.008" /><testcase classname="tests.test_identity_foundation" name="test_database_enforces_unique_normalized_email" time="0.169" /><testcase classname="tests.test_identity_foundation" name="test_phone_normalization_supports_local_and_e164" time="0.002" /><testcase classname="tests.test_identity_foundation" name="test_login_creates_revocable_server_side_session" time="0.206" /><testcase classname="tests.test_identity_foundation" name="test_e01_ac03_revoked_session_is_rejected_immediately" time="0.188" /><testcase classname="tests.test_identity_foundation" name="test_e01_ac02_sensitive_office_user_must_complete_mfa" time="0.205" /><testcase classname="tests.test_identity_foundation" name="test_e01_ac04_progressive_rate_limit_is_generic" time="0.299" /><testcase classname="tests.test_identity_foundation" name="test_e01_ac05_revoking_one_session_keeps_other_active_and_audits" time="0.305" /><testcase classname="tests.test_identity_foundation" name="test_expired_database_session_rejected_even_when_jwt_not_expired" time="0.195" /><testcase classname="tests.test_identity_foundation" name="test_mfa_challenge_is_bound_to_request_ip" time="0.201" /><testcase classname="tests.test_phase1_geography_fleet" name="test_e03_ac01_reverse_direction_is_not_inferred" time="0.100" /><testcase classname="tests.test_phase1_geography_fleet" name="test_e03_ac02_duplicate_seat_position_is_rejected" time="0.093" /><testcase classname="tests.test_phase1_geography_fleet" name="test_e03_ac03_across_aisle_is_not_same_unit" time="0.102" /><testcase classname="tests.test_phase1_geography_fleet" name="test_e03_ac04_inactive_or_expired_resources_are_not_assignable" time="0.096" /><testcase classname="tests.test_phase1_geography_fleet" name="test_e03_ac05_layout_change_creates_version_and_keeps_existing_vehicle_snapshot_reference" time="0.098" /><testcase classname="tests.test_phase1_organizations" name="test_e02_ac01_incomplete_verification_cannot_be_submitted" time="0.094" /><testcase classname="tests.test_phase1_organizations" name="test_e02_ac02_enhanced_verification_requires_distinct_final_approver" time="0.202" /><testcase classname="tests.test_phase1_organizations" name="test_e02_ac03_expired_critical_office_document_blocks_new_trip_assignment" time="0.004" /><testcase classname="tests.test_phase1_organizations" name="test_e02_ac04_payout_change_requires_mfa_dual_approval_cooling_and_notification" time="0.189" /><testcase classname="tests.test_platform_baseline" name="test_liveness_and_request_id" time="0.004" /><testcase classname="tests.test_platform_baseline" name="test_readiness_checks_database_and_cache" time="0.002" /><testcase classname="tests.test_platform_baseline" name="test_invalid_request_id_is_replaced" time="0.002" /><testcase classname="tests.test_tenant_context" name="test_office_context_is_derived_from_membership_not_request_office_id" time="0.189" /><testcase classname="tests.test_tenant_context" name="test_ambiguous_membership_context_fails_closed" time="0.189" /><testcase classname="tests.test_e04_trips" name="test_e04_ac02_booking_opens_automatically_once" time="0.135" /><testcase classname="tests.test_e05_public_search_holds" name="test_e06_ac01_postgresql_concurrent_hold_has_single_winner" time="0.009"><skipped type="pytest.skip" message="PostgreSQL row-lock and partial-unique gate runs in CI">/mnt/data/bus-e17-work/bus-booking-platform/apps/api/tests/test_e05_public_search_holds.py:441: PostgreSQL row-lock and partial-unique gate runs in CI</skipped></testcase><testcase classname="tests.test_e10_boarding_offline" name="test_e10_ac01_postgresql_concurrent_qr_scan_records_boarded_once" time="0.009"><skipped type="pytest.skip" message="PostgreSQL row-lock concurrency gate">/mnt/data/bus-e17-work/bus-booking-platform/apps/api/tests/test_e10_boarding_offline.py:489: PostgreSQL row-lock concurrency gate</skipped></testcase><testcase classname="tests.test_identity_foundation" name="test_e01_ac01_registration_normalizes_phone_and_prevents_duplicates" time="0.191" /></testsuite></testsuites>