============================= test session starts ==============================
platform linux -- Python 3.13.5, pytest-8.4.2, pluggy-1.6.0 -- /opt/pyvenv/bin/python
cachedir: .pytest_cache
django: version: 5.2.16, settings: config.settings (from ini)
metadata: {'Python': '3.13.5', 'Platform': 'Linux-4.4.0-x86_64-with-glibc2.41', 'Packages': {'pytest': '8.4.2', 'pluggy': '1.6.0'}, 'Plugins': {'django': '4.11.1', 'Faker': '40.1.2', 'metadata': '3.1.1', 'cov': '7.0.0', 'anyio': '4.13.0', 'ddtrace': '4.4.0', 'asyncio': '1.3.0', 'json-report': '1.5.0'}, 'PLATFORM': 'linux/amd64', 'CI': 'true'}
rootdir: /mnt/data/bus_booking_work/bus-booking-platform/apps/api
configfile: pyproject.toml
plugins: django-4.11.1, Faker-40.1.2, metadata-3.1.1, cov-7.0.0, anyio-4.13.0, ddtrace-4.4.0, asyncio-1.3.0, json-report-1.5.0
asyncio: mode=Mode.STRICT, debug=False, asyncio_default_fixture_loop_scope=None, asyncio_default_test_loop_scope=function
collecting ... collected 137 items

tests/test_e04_trips.py::test_e04_ac01_schedule_returns_missing_fields_and_does_not_mutate_trip PASSED [  0%]
tests/test_e04_trips.py::test_schedule_captures_policy_pricing_stops_and_seat_inventory_snapshots PASSED [  1%]
tests/test_e04_trips.py::test_e04_ac03_material_time_change_creates_explicit_customer_responses PASSED [  2%]
tests/test_e04_trips.py::test_e04_ac04_departure_is_blocked_for_confirmed_passenger_without_seat PASSED [  2%]
tests/test_e04_trips.py::test_e04_ac05_cancellation_stops_sales_and_starts_action_for_every_booking PASSED [  3%]
tests/test_e05_public_search_holds.py::test_e05_ac01_search_uses_office_local_date_and_only_bookable_trips PASSED [  4%]
tests/test_e05_public_search_holds.py::test_e05_ac02_search_discloses_honest_price_fees_and_policy PASSED [  5%]
tests/test_e05_public_search_holds.py::test_e05_ac05_restricted_office_trips_are_hidden[no_new_bookings] PASSED [  5%]
tests/test_e05_public_search_holds.py::test_e05_ac05_restricted_office_trips_are_hidden[restricted] PASSED [  6%]
tests/test_e05_public_search_holds.py::test_e05_ac05_restricted_office_trips_are_hidden[suspended] PASSED [  7%]
tests/test_e05_public_search_holds.py::test_public_hold_revalidates_inventory_and_is_idempotent PASSED [  8%]
tests/test_e05_public_search_holds.py::test_idempotent_hold_replay_does_not_consume_rate_limit_twice PASSED [  8%]
tests/test_e05_public_search_holds.py::test_e05_ac03_map_does_not_authorize_stale_seat_selection PASSED [  9%]
tests/test_e05_public_search_holds.py::test_hold_release_and_expiry_restore_availability PASSED [ 10%]
tests/test_e05_public_search_holds.py::test_public_api_search_hold_and_release_contract PASSED [ 10%]
tests/test_e06_booking_confirmation.py::test_e06_hold_is_consumed_atomically_and_booking_snapshots_are_frozen PASSED [ 11%]
tests/test_e06_booking_confirmation.py::test_e06_expired_hold_is_rejected_without_consuming_resold_seat PASSED [ 12%]
tests/test_e06_booking_confirmation.py::test_e06_gender_conflict_is_private_across_bookings_but_allowed_inside_one_booking PASSED [ 13%]
tests/test_e06_booking_confirmation.py::test_e06_child_guardian_group_is_snapshotted_and_boarding_states_remain_independent PASSED [ 13%]
tests/test_e06_booking_confirmation.py::test_public_booking_api_is_idempotent_and_returns_pnr_and_manage_token PASSED [ 14%]
tests/test_e06_booking_confirmation.py::test_manual_transfer_booking_waits_for_payment_and_keeps_deadline_snapshot PASSED [ 15%]
tests/test_e06_booking_confirmation.py::test_public_hold_requires_passenger_gender_with_catalog_error PASSED [ 16%]
tests/test_e07_payments.py::test_e07_ac01_office_cash_creates_one_transaction_balanced_ledger_receipt_and_audit PASSED [ 16%]
tests/test_e07_payments.py::test_e07_ac02_duplicate_transfer_reference_or_proof_is_rejected PASSED [ 17%]
tests/test_e07_payments.py::test_manual_transfer_submission_replay_is_idempotent_and_conflicting_reuse_is_rejected PASSED [ 18%]
tests/test_e07_payments.py::test_e07_ac03_transfer_before_deadline_verified_after_expiry_restores_available_seat PASSED [ 18%]
tests/test_e07_payments.py::test_e07_ac04_repeated_success_webhook_records_one_transaction PASSED [ 19%]
tests/test_e07_payments.py::test_webhook_signature_and_event_hash_are_tamper_evident PASSED [ 20%]
tests/test_e07_payments.py::test_e07_ac05_late_payment_after_seat_resold_does_not_reconfirm_and_opens_reconciliation PASSED [ 21%]
tests/test_e07_payments.py::test_e07_ac06_provider_amount_or_currency_mismatch_does_not_succeed_payment PASSED [ 21%]
tests/test_e07_payments.py::test_postgresql_rejects_unbalanced_ledger_entry_at_commit PASSED [ 22%]
tests/test_e08_tickets_self_service.py::test_e08_ac01_confirmed_guest_booking_issues_ticket_per_passenger PASSED [ 23%]
tests/test_e08_tickets_self_service.py::test_e08_awaiting_payment_booking_does_not_issue_active_ticket PASSED [ 24%]
tests/test_e08_tickets_self_service.py::test_e08_guest_manage_token_and_lookup_retrieve_ticket PASSED [ 24%]
tests/test_e08_tickets_self_service.py::test_e08_ac02_lookup_is_generic_and_rate_limited PASSED [ 25%]
tests/test_e08_tickets_self_service.py::test_e08_ac03_reissue_revokes_old_qr_and_increments_version PASSED [ 26%]
tests/test_e08_tickets_self_service.py::test_e08_ac04_ticket_document_and_qr_are_available_without_email PASSED [ 27%]
tests/test_e08_tickets_self_service.py::test_e08_ac05_verified_customer_links_guest_booking_without_copy PASSED [ 27%]
tests/test_e08_tickets_self_service.py::test_e08_ticket_qr_is_tamper_evident_and_document_requires_manage_token PASSED [ 28%]
tests/test_e09_changes_refunds.py::test_e09_ac01_cancellation_quote_uses_frozen_booking_policy_snapshot PASSED [ 29%]
tests/test_e09_changes_refunds.py::test_e09_ac02_boarded_passenger_cannot_be_cancelled PASSED [ 29%]
tests/test_e09_changes_refunds.py::test_e09_ac03_partial_cancellation_releases_only_selected_seat_and_refunds_it PASSED [ 30%]
tests/test_e09_changes_refunds.py::test_e09_ac04_refund_requester_cannot_approve_own_high_value_refund PASSED [ 31%]
tests/test_e09_changes_refunds.py::test_e09_ac05_open_chargeback_blocks_refund_and_double_compensation PASSED [ 32%]
tests/test_e09_changes_refunds.py::test_e09_ac06_passenger_gender_replacement_rechecks_adjacency PASSED [ 32%]
tests/test_e09_changes_refunds.py::test_public_cancellation_api_contract_is_idempotent PASSED [ 33%]
tests/test_e10_boarding_offline.py::test_e10_ac02_manual_check_boards_with_reason_and_audit PASSED [ 34%]
tests/test_e10_boarding_offline.py::test_manual_boarding_without_reason_is_rejected_server_side PASSED [ 35%]
tests/test_e10_boarding_offline.py::test_boarding_command_idempotency_replays_and_rejects_payload_reuse PASSED [ 35%]
tests/test_e10_boarding_offline.py::test_boarding_qr_is_single_use_and_second_scan_is_rejected PASSED [ 36%]
tests/test_e10_boarding_offline.py::test_boarding_state_cannot_regress_after_successful_scan PASSED [ 37%]
tests/test_e10_boarding_offline.py::test_e10_ac03_no_show_job_skips_denied_boarding_review PASSED [ 37%]
tests/test_e10_boarding_offline.py::test_due_no_show_marks_only_eligible_unarrived_passenger PASSED [ 38%]
tests/test_e10_boarding_offline.py::test_e10_ac04_offline_sync_is_idempotent_and_surfaces_conflicts PASSED [ 39%]
tests/test_e10_boarding_offline.py::test_e10_ac05_reverse_after_departure_requires_admin_approval PASSED [ 40%]
tests/test_e10_boarding_offline.py::test_e10_ac06_closed_and_final_manifests_are_hashed_and_tamper_evident PASSED [ 40%]
tests/test_e11_reallocation_support.py::test_e11_ac01_vehicle_reallocation_preserves_groups_gender_and_unique_seats PASSED [ 41%]
tests/test_e11_reallocation_support.py::test_e11_ac02_valid_ticket_denial_opens_p1_freezes_seat_and_escalates PASSED [ 42%]
tests/test_e11_reallocation_support.py::test_e11_ac03_overdue_office_case_escalates_to_platform_and_records_violation PASSED [ 43%]
tests/test_e11_reallocation_support.py::test_e11_ac04_outage_recovery_uses_manifest_or_pnr_without_new_payment PASSED [ 43%]
tests/test_e11_reallocation_support.py::test_e11_ac05_interrupted_trip_cannot_complete_before_all_rights_are_resolved PASSED [ 44%]
tests/test_e12_settlements_ledger.py::test_e12_ac01_unbalanced_entry_is_rejected_before_posting PASSED [ 45%]
tests/test_e12_settlements_ledger.py::test_e12_ac02_electronic_capture_records_customer_funds_not_commission_revenue PASSED [ 45%]
tests/test_e12_settlements_ledger.py::test_e12_ac03_direct_payment_completion_creates_office_commission_receivable PASSED [ 46%]
tests/test_e12_settlements_ledger.py::test_e12_ac04_settlement_nets_electronic_payable_and_direct_commission_same_currency_only PASSED [ 47%]
tests/test_e12_settlements_ledger.py::test_e12_ac05_only_disputed_booking_amount_is_frozen_from_settlement PASSED [ 48%]
tests/test_e12_settlements_ledger.py::test_e12_ac06_correction_creates_reversal_without_editing_original_entry PASSED [ 48%]
tests/test_e12_settlements_ledger.py::test_e12_ac07_creator_cannot_approve_own_settlement_but_second_mfa_user_can PASSED [ 49%]
tests/test_e12_settlements_ledger.py::test_settlement_payment_posts_same_currency_netting_and_payout PASSED [ 50%]
tests/test_e13_policies_configuration.py::test_e13_ac01_office_configuration_outside_platform_bounds_is_rejected PASSED [ 51%]
tests/test_e13_policies_configuration.py::test_e13_ac02_future_policy_does_not_change_existing_booking_snapshot PASSED [ 51%]
tests/test_e13_policies_configuration.py::test_e13_ac03_missing_required_policy_acceptance_blocks_confirmation PASSED [ 52%]
tests/test_e13_policies_configuration.py::test_e13_ac04_acceptance_records_version_language_time_and_booking_without_raw_secrets PASSED [ 53%]
tests/test_e13_policies_configuration.py::test_e13_ac05_sensitive_platform_change_requires_second_approver_and_audits_before_after_reason PASSED [ 54%]
tests/test_e13_policies_configuration.py::test_e13_configuration_snapshot_is_frozen_when_trip_is_scheduled PASSED [ 54%]
tests/test_e14_security_privacy.py::test_e14_ac01_cross_office_file_access_returns_generic_not_found_without_metadata PASSED [ 55%]
tests/test_e14_security_privacy.py::test_e14_ac02_malware_file_remains_quarantined_and_never_enters_final_storage PASSED [ 56%]
tests/test_e14_security_privacy.py::test_e14_ac03_account_deletion_anonymizes_identity_and_preserves_booking_and_finance PASSED [ 56%]
tests/test_e14_security_privacy.py::test_e14_ac04_retention_job_skips_legal_hold_and_audits_reason PASSED [ 57%]
tests/test_e14_security_privacy.py::test_e14_ac05_medium_risk_requests_step_up_then_allows_verified_booking PASSED [ 58%]
tests/test_e14_security_privacy.py::test_e14_ac06_sensitive_audit_redacts_nested_secrets_tokens_cvv_and_card_numbers PASSED [ 59%]
tests/test_e14_security_privacy.py::test_e14_production_checks_reject_mock_storage_scanner_and_step_up_code PASSED [ 59%]
tests/test_e14_security_privacy.py::test_e14_production_checks_accept_explicit_deployment_contracts PASSED [ 60%]
tests/test_e15_notifications.py::test_e15_ac01_booking_remains_successful_when_email_fails_and_retry_is_scheduled PASSED [ 61%]
tests/test_e15_notifications.py::test_e15_ac02_republished_event_does_not_duplicate_channel_and_template_version PASSED [ 62%]
tests/test_e15_notifications.py::test_e15_ac03_material_change_notification_requires_explicit_response_and_silence_does_not_accept PASSED [ 62%]
tests/test_e15_notifications.py::test_e15_ac04_exhausted_critical_channel_creates_sms_fallback_and_human_escalation PASSED [ 63%]
tests/test_e15_notifications.py::test_e15_ac05_user_language_and_latest_published_template_version_are_used PASSED [ 64%]
tests/test_e16_platform_governance.py::test_e16_ac01_support_role_cannot_view_or_modify_settlements PASSED [ 64%]
tests/test_e16_platform_governance.py::test_e16_ac02_critical_suspension_stops_new_sales_and_preserves_existing_booking PASSED [ 65%]
tests/test_e16_platform_governance.py::test_e16_ac04_critical_platform_change_requires_mfa_and_second_actor PASSED [ 66%]
tests/test_e16_platform_governance.py::test_e16_ac03_dispute_decision_records_reason_financial_effect_and_one_appeal PASSED [ 67%]
tests/test_e16_platform_governance.py::test_e16_ac05_platform_financial_report_is_derived_from_ledger PASSED [ 67%]
tests/test_e17_subscriptions.py::test_e17_ac01_assignment_saves_plan_price_features_limits_and_period_snapshot PASSED [ 68%]
tests/test_e17_subscriptions.py::test_e17_ac02_expiry_preserves_existing_booking_and_restricts_new_sales PASSED [ 69%]
tests/test_e17_subscriptions.py::test_e17_ac03_paid_invoice_posts_balanced_invoiced_and_paid_entries PASSED [ 70%]
tests/test_e17_subscriptions.py::test_e17_ac04_plan_price_change_does_not_rewrite_paid_period_snapshot PASSED [ 70%]
tests/test_e17_subscriptions.py::test_trial_is_one_time_per_office PASSED [ 71%]
tests/test_e18_continuity_release.py::test_e18_ac01_recovery_mode_blocks_writes_but_not_reads PASSED [ 72%]
tests/test_e18_continuity_release.py::test_e18_ac02_recovery_exercise_enforces_rpo_and_rto PASSED [ 72%]
tests/test_e18_continuity_release.py::test_e18_ac03_reopen_requires_successful_reconciliation PASSED [ 73%]
tests/test_e18_continuity_release.py::test_e18_ac04_failed_smoke_requires_and_records_rollback PASSED [ 74%]
tests/test_e18_continuity_release.py::test_e18_ac05_sev1_requires_commander_timeline_communications_and_postmortem PASSED [ 75%]
tests/test_e18_continuity_release.py::test_e18_ac06_load_gate_rejects_duplicate_seats_or_financial_entries PASSED [ 75%]
tests/test_e18_continuity_release.py::test_ready_health_includes_continuity_state PASSED [ 76%]
tests/test_e19_ux_contract.py::test_e19_ac05_public_trip_exposes_versioned_policy_summaries_without_full_legal_text PASSED [ 77%]
tests/test_g12_admin_reporting.py::test_g12_platform_office_search_and_idempotent_status_change PASSED [ 78%]
tests/test_g12_admin_reporting.py::test_g12_violation_uses_support_domain_and_is_idempotent PASSED [ 78%]
tests/test_g12_admin_reporting.py::test_g12_office_report_ignores_foreign_office_query_parameter PASSED [ 79%]
tests/test_identity_foundation.py::test_database_enforces_unique_normalized_email PASSED [ 80%]
tests/test_identity_foundation.py::test_phone_normalization_supports_local_and_e164 PASSED [ 81%]
tests/test_identity_foundation.py::test_login_creates_revocable_server_side_session PASSED [ 81%]
tests/test_identity_foundation.py::test_e01_ac03_revoked_session_is_rejected_immediately PASSED [ 82%]
tests/test_identity_foundation.py::test_e01_ac02_sensitive_office_user_must_complete_mfa PASSED [ 83%]
tests/test_identity_foundation.py::test_e01_ac04_progressive_rate_limit_is_generic PASSED [ 83%]
tests/test_identity_foundation.py::test_e01_ac05_revoking_one_session_keeps_other_active_and_audits PASSED [ 84%]
tests/test_identity_foundation.py::test_expired_database_session_rejected_even_when_jwt_not_expired PASSED [ 85%]
tests/test_identity_foundation.py::test_mfa_challenge_is_bound_to_request_ip PASSED [ 86%]
tests/test_phase1_geography_fleet.py::test_e03_ac01_reverse_direction_is_not_inferred PASSED [ 86%]
tests/test_phase1_geography_fleet.py::test_e03_ac02_duplicate_seat_position_is_rejected PASSED [ 87%]
tests/test_phase1_geography_fleet.py::test_e03_ac03_across_aisle_is_not_same_unit PASSED [ 88%]
tests/test_phase1_geography_fleet.py::test_e03_ac04_inactive_or_expired_resources_are_not_assignable PASSED [ 89%]
tests/test_phase1_geography_fleet.py::test_e03_ac05_layout_change_creates_version_and_keeps_existing_vehicle_snapshot_reference PASSED [ 89%]
tests/test_phase1_organizations.py::test_e02_ac01_incomplete_verification_cannot_be_submitted PASSED [ 90%]
tests/test_phase1_organizations.py::test_e02_ac02_enhanced_verification_requires_distinct_final_approver PASSED [ 91%]
tests/test_phase1_organizations.py::test_e02_ac03_expired_critical_office_document_blocks_new_trip_assignment PASSED [ 91%]
tests/test_phase1_organizations.py::test_e02_ac04_payout_change_requires_mfa_dual_approval_cooling_and_notification PASSED [ 92%]
tests/test_platform_baseline.py::test_liveness_and_request_id PASSED     [ 93%]
tests/test_platform_baseline.py::test_readiness_checks_database_and_cache PASSED [ 94%]
tests/test_platform_baseline.py::test_invalid_request_id_is_replaced PASSED [ 94%]
tests/test_tenant_context.py::test_office_context_is_derived_from_membership_not_request_office_id PASSED [ 95%]
tests/test_tenant_context.py::test_ambiguous_membership_context_fails_closed PASSED [ 96%]
tests/test_e04_trips.py::test_e04_ac02_booking_opens_automatically_once PASSED [ 97%]
tests/test_e05_public_search_holds.py::test_e06_ac01_postgresql_concurrent_hold_has_single_winner PASSED [ 97%]
tests/test_e06_booking_confirmation.py::test_e06_ac01_parallel_confirmation_creates_only_one_active_assignment PASSED [ 98%]
tests/test_e10_boarding_offline.py::test_e10_ac01_postgresql_concurrent_qr_scan_records_boarded_once PASSED [ 99%]
tests/test_identity_foundation.py::test_e01_ac01_registration_normalizes_phone_and_prevents_duplicates PASSED [100%]

================= 137 passed, 15 warnings in 70.90s (0:01:10) ==================
